#
# There is insufficient memory for the Java Runtime Environment to continue.
# Native memory allocation (malloc) failed to allocate 1039296 bytes for Chunk::new
# Possible reasons:
#   The system is out of physical RAM or swap space
#   In 32 bit mode, the process size limit was hit
# Possible solutions:
#   Reduce memory load on the system
#   Increase physical memory or swap space
#   Check if swap backing store is full
#   Use 64 bit Java on a 64 bit OS
#   Decrease Java heap size (-Xmx/-Xms)
#   Decrease number of Java threads
#   Decrease Java thread stack sizes (-Xss)
#   Set larger code cache with -XX:ReservedCodeCacheSize=
# This output file may be truncated or incomplete.
#
#  Out of Memory Error (allocation.cpp:390), pid=18776, tid=13148
#
# JRE version: Java(TM) SE Runtime Environment (8.0_65-b17) (build 1.8.0_65-b17)
# Java VM: Java HotSpot(TM) 64-Bit Server VM (25.65-b01 mixed mode windows-amd64 compressed oops)
# Failed to write core dump. Minidumps are not enabled by default on client versions of Windows
#

---------------  T H R E A D  ---------------

Current thread (0x00000000172f5800):  JavaThread "C2 CompilerThread0" daemon [_thread_in_native, id=13148, stack(0x0000000018940000,0x0000000018a40000)]

Stack: [0x0000000018940000,0x0000000018a40000]
[error occurred during error reporting (printing stack bounds), id 0xc0000005]

Native frames: (J=compiled Java code, j=interpreted, Vv=VM code, C=native code)


Current CompileTask:
C2:   8847 1656       4       demo.crawl.Crawler::fixString (610 bytes)


---------------  P R O C E S S  ---------------

Java Threads: ( => current thread )
  0x0000000018e16800 JavaThread "Keep-Alive-Timer" daemon [_thread_blocked, id=22060, stack(0x000000001b750000,0x000000001b850000)]
  0x0000000018c78800 JavaThread "Service Thread" daemon [_thread_blocked, id=23488, stack(0x0000000019040000,0x0000000019140000)]
  0x00000000172fb000 JavaThread "C1 CompilerThread2" daemon [_thread_blocked, id=20524, stack(0x0000000018b40000,0x0000000018c40000)]
  0x00000000172f7800 JavaThread "C2 CompilerThread1" daemon [_thread_blocked, id=23320, stack(0x0000000018a40000,0x0000000018b40000)]
=>0x00000000172f5800 JavaThread "C2 CompilerThread0" daemon [_thread_in_native, id=13148, stack(0x0000000018940000,0x0000000018a40000)]
  0x00000000172f3000 JavaThread "Attach Listener" daemon [_thread_blocked, id=23456, stack(0x0000000018840000,0x0000000018940000)]
  0x00000000172f2000 JavaThread "Signal Dispatcher" daemon [_thread_blocked, id=8796, stack(0x0000000018740000,0x0000000018840000)]
  0x00000000027a9000 JavaThread "Finalizer" daemon [_thread_blocked, id=10260, stack(0x0000000018550000,0x0000000018650000)]
  0x00000000027a5800 JavaThread "Reference Handler" daemon [_thread_blocked, id=14976, stack(0x0000000018450000,0x0000000018550000)]
  0x00000000026b3800 JavaThread "main" [_thread_in_Java, id=17860, stack(0x0000000002570000,0x0000000002670000)]

Other Threads:
  0x00000000172b8800 VMThread [stack: 0x0000000018350000,0x0000000018450000] [id=3916]
  0x0000000018c9f000 WatcherThread [stack: 0x0000000019140000,0x0000000019240000] [id=18676]

VM state:not at safepoint (normal execution)

VM Mutex/Monitor currently owned by a thread: None

Heap:
 PSYoungGen      total 378880K, used 30235K [0x00000000d5e00000, 0x00000000ef580000, 0x0000000100000000)
  eden space 374272K, 8% used [0x00000000d5e00000,0x00000000d7b749f0,0x00000000ecb80000)
  from space 4608K, 1% used [0x00000000ef100000,0x00000000ef1122a0,0x00000000ef580000)
  to   space 5120K, 0% used [0x00000000eeb80000,0x00000000eeb80000,0x00000000ef080000)
 ParOldGen       total 87552K, used 13742K [0x0000000081a00000, 0x0000000086f80000, 0x00000000d5e00000)
  object space 87552K, 15% used [0x0000000081a00000,0x000000008276bb68,0x0000000086f80000)
 Metaspace       used 17280K, capacity 17534K, committed 17664K, reserved 1064960K
  class space    used 1966K, capacity 2034K, committed 2048K, reserved 1048576K

Card table byte_map: [0x0000000011b70000,0x0000000011f70000] byte_map_base: 0x0000000011763000

Marking Bits: (ParMarkBitMap*) 0x000000005bcca5b0
 Begin Bits: [0x0000000012620000, 0x00000000145b8000)
 End Bits:   [0x00000000145b8000, 0x0000000016550000)

Polling page: 0x0000000000740000

CodeCache: size=245760Kb used=5886Kb max_used=5901Kb free=239873Kb
 bounds [0x00000000027b0000, 0x0000000002d80000, 0x00000000117b0000]
 total_blobs=2086 nmethods=1655 adapters=343
 compilation: enabled

Compilation events (10 events):
Event: 8.626 Thread 0x00000000172fb000 nmethod 1652% 0x0000000002d65c90 code [0x0000000002d665a0, 0x0000000002d6d548]
Event: 8.626 Thread 0x00000000172fb000 1654       1       java.util.ArrayList::elementData (7 bytes)
Event: 8.626 Thread 0x00000000172fb000 nmethod 1654 0x0000000002d64d10 code [0x0000000002d64e60, 0x0000000002d64f90]
Event: 8.626 Thread 0x00000000172f7800 nmethod 1651% 0x0000000002d71650 code [0x0000000002d717a0, 0x0000000002d71958]
Event: 8.626 Thread 0x00000000172fb000 1653       3       java.util.ArrayList::remove (69 bytes)
Event: 8.627 Thread 0x00000000172fb000 nmethod 1653 0x0000000002d641d0 code [0x0000000002d64380, 0x0000000002d649e8]
Event: 8.636 Thread 0x00000000172f5800 nmethod 1642% 0x0000000002d73f50 code [0x0000000002d74100, 0x0000000002d74ed0]
Event: 8.661 Thread 0x00000000172f7800 1655 %     4       demo.crawl.Crawler::fixString @ 490 (610 bytes)
Event: 8.708 Thread 0x00000000172f7800 nmethod 1655% 0x0000000002d71c10 code [0x0000000002d71e00, 0x0000000002d73008]
Event: 8.755 Thread 0x00000000172f5800 1656       4       demo.crawl.Crawler::fixString (610 bytes)

GC Heap History (10 events):
Event: 8.627 GC heap before
{Heap before GC invocations=61 (full 0):
 PSYoungGen      total 271872K, used 271639K [0x00000000d5e00000, 0x00000000ef580000, 0x0000000100000000)
  eden space 271360K, 100% used [0x00000000d5e00000,0x00000000e6700000,0x00000000e6700000)
  from space 512K, 54% used [0x00000000ef500000,0x00000000ef545c30,0x00000000ef580000)
  to   space 512K, 0% used [0x00000000ef480000,0x00000000ef480000,0x00000000ef500000)
 ParOldGen       total 87552K, used 1618K [0x0000000081a00000, 0x0000000086f80000, 0x00000000d5e00000)
  object space 87552K, 1% used [0x0000000081a00000,0x0000000081b94b88,0x0000000086f80000)
 Metaspace       used 17280K, capacity 17534K, committed 17664K, reserved 1064960K
  class space    used 1966K, capacity 2034K, committed 2048K, reserved 1048576K
Event: 8.635 GC heap after
Heap after GC invocations=61 (full 0):
 PSYoungGen      total 260096K, used 512K [0x00000000d5e00000, 0x00000000ef580000, 0x0000000100000000)
  eden space 259584K, 0% used [0x00000000d5e00000,0x00000000d5e00000,0x00000000e5b80000)
  from space 512K, 100% used [0x00000000ef480000,0x00000000ef500000,0x00000000ef500000)
  to   space 512K, 0% used [0x00000000ef500000,0x00000000ef500000,0x00000000ef580000)
 ParOldGen       total 87552K, used 13206K [0x0000000081a00000, 0x0000000086f80000, 0x00000000d5e00000)
  object space 87552K, 15% used [0x0000000081a00000,0x00000000826e5a78,0x0000000086f80000)
 Metaspace       used 17280K, capacity 17534K, committed 17664K, reserved 1064960K
  class space    used 1966K, capacity 2034K, committed 2048K, reserved 1048576K
}
Event: 8.665 GC heap before
{Heap before GC invocations=62 (full 0):
 PSYoungGen      total 260096K, used 260096K [0x00000000d5e00000, 0x00000000ef580000, 0x0000000100000000)
  eden space 259584K, 100% used [0x00000000d5e00000,0x00000000e5b80000,0x00000000e5b80000)
  from space 512K, 100% used [0x00000000ef480000,0x00000000ef500000,0x00000000ef500000)
  to   space 512K, 0% used [0x00000000ef500000,0x00000000ef500000,0x00000000ef580000)
 ParOldGen       total 87552K, used 13206K [0x0000000081a00000, 0x0000000086f80000, 0x00000000d5e00000)
  object space 87552K, 15% used [0x0000000081a00000,0x00000000826e5a78,0x0000000086f80000)
 Metaspace       used 17280K, capacity 17534K, committed 17664K, reserved 1064960K
  class space    used 1966K, capacity 2034K, committed 2048K, reserved 1048576K
Event: 8.667 GC heap after
Heap after GC invocations=62 (full 0):
 PSYoungGen      total 312320K, used 64K [0x00000000d5e00000, 0x00000000ef580000, 0x0000000100000000)
  eden space 311808K, 0% used [0x00000000d5e00000,0x00000000d5e00000,0x00000000e8e80000)
  from space 512K, 12% used [0x00000000ef500000,0x00000000ef510000,0x00000000ef580000)
  to   space 5120K, 0% used [0x00000000eeb80000,0x00000000eeb80000,0x00000000ef080000)
 ParOldGen       total 87552K, used 13738K [0x0000000081a00000, 0x0000000086f80000, 0x00000000d5e00000)
  object space 87552K, 15% used [0x0000000081a00000,0x000000008276aa98,0x0000000086f80000)
 Metaspace       used 17280K, capacity 17534K, committed 17664K, reserved 1064960K
  class space    used 1966K, capacity 2034K, committed 2048K, reserved 1048576K
}
Event: 8.706 GC heap before
{Heap before GC invocations=63 (full 0):
 PSYoungGen      total 312320K, used 311872K [0x00000000d5e00000, 0x00000000ef580000, 0x0000000100000000)
  eden space 311808K, 100% used [0x00000000d5e00000,0x00000000e8e80000,0x00000000e8e80000)
  from space 512K, 12% used [0x00000000ef500000,0x00000000ef510000,0x00000000ef580000)
  to   space 5120K, 0% used [0x00000000eeb80000,0x00000000eeb80000,0x00000000ef080000)
 ParOldGen       total 87552K, used 13738K [0x0000000081a00000, 0x0000000086f80000, 0x00000000d5e00000)
  object space 87552K, 15% used [0x0000000081a00000,0x000000008276aa98,0x0000000086f80000)
 Metaspace       used 17280K, capacity 17534K, committed 17664K, reserved 1064960K
  class space    used 1966K, capacity 2034K, committed 2048K, reserved 1048576K
Event: 8.707 GC heap after
Heap after GC invocations=63 (full 0):
 PSYoungGen      total 379392K, used 79K [0x00000000d5e00000, 0x00000000ef580000, 0x0000000100000000)
  eden space 374272K, 0% used [0x00000000d5e00000,0x00000000d5e00000,0x00000000ecb80000)
  from space 5120K, 1% used [0x00000000eeb80000,0x00000000eeb93d58,0x00000000ef080000)
  to   space 4608K, 0% used [0x00000000ef100000,0x00000000ef100000,0x00000000ef580000)
 ParOldGen       total 87552K, used 13742K [0x0000000081a00000, 0x0000000086f80000, 0x00000000d5e00000)
  object space 87552K, 15% used [0x0000000081a00000,0x000000008276bb68,0x0000000086f80000)
 Metaspace       used 17280K, capacity 17534K, committed 17664K, reserved 1064960K
  class space    used 1966K, capacity 2034K, committed 2048K, reserved 1048576K
}
Event: 8.749 GC heap before
{Heap before GC invocations=64 (full 0):
 PSYoungGen      total 379392K, used 374351K [0x00000000d5e00000, 0x00000000ef580000, 0x0000000100000000)
  eden space 374272K, 100% used [0x00000000d5e00000,0x00000000ecb80000,0x00000000ecb80000)
  from space 5120K, 1% used [0x00000000eeb80000,0x00000000eeb93d58,0x00000000ef080000)
  to   space 4608K, 0% used [0x00000000ef100000,0x00000000ef100000,0x00000000ef580000)
 ParOldGen       total 87552K, used 13742K [0x0000000081a00000, 0x0000000086f80000, 0x00000000d5e00000)
  object space 87552K, 15% used [0x0000000081a00000,0x000000008276bb68,0x0000000086f80000)
 Metaspace       used 17280K, capacity 17534K, committed 17664K, reserved 1064960K
  class space    used 1966K, capacity 2034K, committed 2048K, reserved 1048576K
Event: 8.750 GC heap after
Heap after GC invocations=64 (full 0):
 PSYoungGen      total 378880K, used 32K [0x00000000d5e00000, 0x00000000ef580000, 0x0000000100000000)
  eden space 374272K, 0% used [0x00000000d5e00000,0x00000000d5e00000,0x00000000ecb80000)
  from space 4608K, 0% used [0x00000000ef100000,0x00000000ef108000,0x00000000ef580000)
  to   space 5120K, 0% used [0x00000000eeb80000,0x00000000eeb80000,0x00000000ef080000)
 ParOldGen       total 87552K, used 13742K [0x0000000081a00000, 0x0000000086f80000, 0x00000000d5e00000)
  object space 87552K, 15% used [0x0000000081a00000,0x000000008276bb68,0x0000000086f80000)
 Metaspace       used 17280K, capacity 17534K, committed 17664K, reserved 1064960K
  class space    used 1966K, capacity 2034K, committed 2048K, reserved 1048576K
}
Event: 8.799 GC heap before
{Heap before GC invocations=65 (full 0):
 PSYoungGen      total 378880K, used 374304K [0x00000000d5e00000, 0x00000000ef580000, 0x0000000100000000)
  eden space 374272K, 100% used [0x00000000d5e00000,0x00000000ecb80000,0x00000000ecb80000)
  from space 4608K, 0% used [0x00000000ef100000,0x00000000ef108000,0x00000000ef580000)
  to   space 5120K, 0% used [0x00000000eeb80000,0x00000000eeb80000,0x00000000ef080000)
 ParOldGen       total 87552K, used 13742K [0x0000000081a00000, 0x0000000086f80000, 0x00000000d5e00000)
  object space 87552K, 15% used [0x0000000081a00000,0x000000008276bb68,0x0000000086f80000)
 Metaspace       used 17280K, capacity 17534K, committed 17664K, reserved 1064960K
  class space    used 1966K, capacity 2034K, committed 2048K, reserved 1048576K
Event: 8.800 GC heap after
Heap after GC invocations=65 (full 0):
 PSYoungGen      total 379392K, used 67K [0x00000000d5e00000, 0x00000000ef580000, 0x0000000100000000)
  eden space 374272K, 0% used [0x00000000d5e00000,0x00000000d5e00000,0x00000000ecb80000)
  from space 5120K, 1% used [0x00000000eeb80000,0x00000000eeb90f98,0x00000000ef080000)
  to   space 4608K, 0% used [0x00000000ef100000,0x00000000ef100000,0x00000000ef580000)
 ParOldGen       total 87552K, used 13742K [0x0000000081a00000, 0x0000000086f80000, 0x00000000d5e00000)
  object space 87552K, 15% used [0x0000000081a00000,0x000000008276bb68,0x0000000086f80000)
 Metaspace       used 17280K, capacity 17534K, committed 17664K, reserved 1064960K
  class space    used 1966K, capacity 2034K, committed 2048K, reserved 1048576K
}

Deoptimization events (10 events):
Event: 6.221 Thread 0x00000000026b3800 Uncommon trap: reason=unstable_if action=reinterpret pc=0x000000000299b884 method=java.lang.CharacterDataLatin1.digit(II)I @ 31
Event: 6.281 Thread 0x00000000026b3800 Uncommon trap: reason=class_check action=maybe_recompile pc=0x0000000002903dc0 method=java.util.regex.Pattern$Slice.match(Ljava/util/regex/Matcher;ILjava/lang/CharSequence;)Z @ 75
Event: 6.281 Thread 0x00000000026b3800 Uncommon trap: reason=class_check action=maybe_recompile pc=0x0000000002903dc0 method=java.util.regex.Pattern$Slice.match(Ljava/util/regex/Matcher;ILjava/lang/CharSequence;)Z @ 75
Event: 6.382 Thread 0x00000000026b3800 Uncommon trap: reason=predicate action=maybe_recompile pc=0x0000000002903d04 method=java.util.regex.Pattern$Slice.match(Ljava/util/regex/Matcher;ILjava/lang/CharSequence;)Z @ 21
Event: 6.447 Thread 0x00000000026b3800 Uncommon trap: reason=unstable_if action=reinterpret pc=0x0000000002aabb10 method=java.util.HashMap.putVal(ILjava/lang/Object;Ljava/lang/Object;ZZ)Ljava/lang/Object; @ 162
Event: 6.447 Thread 0x00000000026b3800 Uncommon trap: reason=unstable_if action=reinterpret pc=0x0000000002aa4410 method=java.util.HashMap.putVal(ILjava/lang/Object;Ljava/lang/Object;ZZ)Ljava/lang/Object; @ 162
Event: 6.447 Thread 0x00000000026b3800 Uncommon trap: reason=unstable_if action=reinterpret pc=0x0000000002b3a874 method=java.util.HashMap.resize()[Ljava/util/HashMap$Node; @ 206
Event: 6.634 Thread 0x00000000026b3800 Uncommon trap: reason=predicate action=maybe_recompile pc=0x0000000002c74124 method=java.util.regex.Pattern$SliceI.match(Ljava/util/regex/Matcher;ILjava/lang/CharSequence;)Z @ 21
Event: 8.614 Thread 0x00000000026b3800 Uncommon trap: reason=unstable_if action=reinterpret pc=0x0000000002b4b4d8 method=java.lang.CharacterDataLatin1.digit(II)I @ 60
Event: 8.614 Thread 0x00000000026b3800 Uncommon trap: reason=unstable_if action=reinterpret pc=0x0000000002b479e4 method=java.lang.CharacterDataLatin1.digit(II)I @ 60

Internal exceptions (10 events):
Event: 5.546 Thread 0x00000000026b3800 Implicit null exception at 0x0000000002923cd6 to 0x0000000002924015
Event: 5.546 Thread 0x00000000026b3800 Implicit null exception at 0x000000000291ba16 to 0x000000000291bd45
Event: 5.673 Thread 0x00000000026b3800 Exception <a 'java/lang/ClassNotFoundException': org/glassfish/hk2/osgiresourcelocator/ServiceLoader> (0x00000000e2568408) thrown at [C:\workspace\8-2-build-windows-amd64-cygwin\jdk8u65\4987\hotspot\src\share\vm\classfile\systemDictionary.cpp, line 210]
Event: 5.719 Thread 0x00000000026b3800 Exception <a 'java/lang/NullPointerException'> (0x00000000e2784fb0) thrown at [C:\workspace\8-2-build-windows-amd64-cygwin\jdk8u65\4987\hotspot\src\share\vm\interpreter\linkResolver.cpp, line 1280]
Event: 5.811 Thread 0x00000000026b3800 Exception <a 'java/lang/ArrayIndexOutOfBoundsException'> (0x00000000e2a4eb68) thrown at [C:\workspace\8-2-build-windows-amd64-cygwin\jdk8u65\4987\hotspot\src\share\vm\runtime\sharedRuntime.cpp, line 605]
Event: 5.811 Thread 0x00000000026b3800 Exception <a 'java/lang/ArrayIndexOutOfBoundsException'> (0x00000000e2a4fc58) thrown at [C:\workspace\8-2-build-windows-amd64-cygwin\jdk8u65\4987\hotspot\src\share\vm\runtime\sharedRuntime.cpp, line 605]
Event: 5.816 Thread 0x00000000026b3800 Exception <a 'java/lang/ArrayIndexOutOfBoundsException'> (0x00000000e2a6f0c0) thrown at [C:\workspace\8-2-build-windows-amd64-cygwin\jdk8u65\4987\hotspot\src\share\vm\runtime\sharedRuntime.cpp, line 605]
Event: 5.827 Thread 0x00000000026b3800 Exception <a 'java/lang/ArrayIndexOutOfBoundsException'> (0x00000000e2a854f0) thrown at [C:\workspace\8-2-build-windows-amd64-cygwin\jdk8u65\4987\hotspot\src\share\vm\runtime\sharedRuntime.cpp, line 605]
Event: 6.264 Thread 0x00000000026b3800 Exception <a 'java/lang/NoSuchFieldError': method resolution failed> (0x00000000e35ec0a8) thrown at [C:\workspace\8-2-build-windows-amd64-cygwin\jdk8u65\4987\hotspot\src\share\vm\prims\methodHandles.cpp, line 1146]
Event: 6.265 Thread 0x00000000026b3800 Exception <a 'java/lang/NoSuchFieldError': method resolution failed> (0x00000000e35f9768) thrown at [C:\workspace\8-2-build-windows-amd64-cygwin\jdk8u65\4987\hotspot\src\share\vm\prims\methodHandles.cpp, line 1146]

Events (10 events):
Event: 8.665 Executing VM operation: ParallelGCFailedAllocation
Event: 8.667 Executing VM operation: ParallelGCFailedAllocation done
Event: 8.706 Executing VM operation: ParallelGCFailedAllocation
Event: 8.707 Executing VM operation: ParallelGCFailedAllocation done
Event: 8.749 Executing VM operation: ParallelGCFailedAllocation
Event: 8.750 Executing VM operation: ParallelGCFailedAllocation done
Event: 8.755 Thread 0x00000000026b3800 DEOPT PACKING pc=0x000000000292d22d sp=0x000000000266ef70
Event: 8.755 Thread 0x00000000026b3800 DEOPT UNPACKING pc=0x00000000027f787f sp=0x000000000266ede8 mode 0
Event: 8.799 Executing VM operation: ParallelGCFailedAllocation
Event: 8.800 Executing VM operation: ParallelGCFailedAllocation done


Dynamic libraries:
0x00007ff6080c0000 - 0x00007ff6080f7000 	C:\Program Files\Java\jdk1.8.0_65\bin\java.exe
0x00007ff8ede20000 - 0x00007ff8ee001000 	C:\WINDOWS\SYSTEM32\ntdll.dll
0x00007ff8eb9f0000 - 0x00007ff8ebaa2000 	C:\WINDOWS\System32\KERNEL32.DLL
0x00007ff8eade0000 - 0x00007ff8eb053000 	C:\WINDOWS\System32\KERNELBASE.dll
0x00007ff8eb5c0000 - 0x00007ff8eb661000 	C:\WINDOWS\System32\ADVAPI32.dll
0x00007ff8ed590000 - 0x00007ff8ed62e000 	C:\WINDOWS\System32\msvcrt.dll
0x00007ff8ed720000 - 0x00007ff8ed77b000 	C:\WINDOWS\System32\sechost.dll
0x00007ff8eb8c0000 - 0x00007ff8eb9e4000 	C:\WINDOWS\System32\RPCRT4.dll
0x00007ff8eb6d0000 - 0x00007ff8eb860000 	C:\WINDOWS\System32\USER32.dll
0x00007ff8eadc0000 - 0x00007ff8eade0000 	C:\WINDOWS\System32\win32u.dll
0x00007ff8eb420000 - 0x00007ff8eb448000 	C:\WINDOWS\System32\GDI32.dll
0x00007ff8eb060000 - 0x00007ff8eb1f2000 	C:\WINDOWS\System32\gdi32full.dll
0x00007ff8ea5c0000 - 0x00007ff8ea65f000 	C:\WINDOWS\System32\msvcp_win.dll
0x00007ff8ea270000 - 0x00007ff8ea36a000 	C:\WINDOWS\System32\ucrtbase.dll
0x00007ff8e3cc0000 - 0x00007ff8e3f29000 	C:\WINDOWS\WinSxS\amd64_microsoft.windows.common-controls_6595b64144ccf1df_6.0.17134.112_none_fb3f961b30681c12\COMCTL32.dll
0x00007ff8ed1a0000 - 0x00007ff8ed4c3000 	C:\WINDOWS\System32\combase.dll
0x00007ff8ea1f0000 - 0x00007ff8ea26a000 	C:\WINDOWS\System32\bcryptPrimitives.dll
0x00007ff8eb2b0000 - 0x00007ff8eb2dd000 	C:\WINDOWS\System32\IMM32.DLL
0x000000005b3e0000 - 0x000000005b4b2000 	C:\Program Files\Java\jdk1.8.0_65\jre\bin\msvcr100.dll
0x000000005b4c0000 - 0x000000005bd49000 	C:\Program Files\Java\jdk1.8.0_65\jre\bin\server\jvm.dll
0x00007ff8eb5b0000 - 0x00007ff8eb5b8000 	C:\WINDOWS\System32\PSAPI.DLL
0x00007ff8e26a0000 - 0x00007ff8e26aa000 	C:\WINDOWS\SYSTEM32\VERSION.dll
0x00007ff8da9b0000 - 0x00007ff8da9b9000 	C:\WINDOWS\SYSTEM32\WSOCK32.dll
0x00007ff8ed130000 - 0x00007ff8ed19c000 	C:\WINDOWS\System32\WS2_32.dll
0x00007ff8e6dc0000 - 0x00007ff8e6de3000 	C:\WINDOWS\SYSTEM32\WINMM.dll
0x00007ff8e6d90000 - 0x00007ff8e6dba000 	C:\WINDOWS\SYSTEM32\winmmbase.dll
0x00007ff8ea660000 - 0x00007ff8ea6a9000 	C:\WINDOWS\System32\cfgmgr32.dll
0x000000005b390000 - 0x000000005b39f000 	C:\Program Files\Java\jdk1.8.0_65\jre\bin\verify.dll
0x000000005b360000 - 0x000000005b389000 	C:\Program Files\Java\jdk1.8.0_65\jre\bin\java.dll
0x000000005b340000 - 0x000000005b356000 	C:\Program Files\Java\jdk1.8.0_65\jre\bin\zip.dll
0x00007ff8ebce0000 - 0x00007ff8ed120000 	C:\WINDOWS\System32\SHELL32.dll
0x00007ff8ebab0000 - 0x00007ff8ebb59000 	C:\WINDOWS\System32\shcore.dll
0x00007ff8ea6b0000 - 0x00007ff8eadbd000 	C:\WINDOWS\System32\windows.storage.dll
0x00007ff8eb860000 - 0x00007ff8eb8b1000 	C:\WINDOWS\System32\shlwapi.dll
0x00007ff8ea160000 - 0x00007ff8ea171000 	C:\WINDOWS\System32\kernel.appcore.dll
0x00007ff8ea1d0000 - 0x00007ff8ea1ef000 	C:\WINDOWS\System32\profapi.dll
0x00007ff8ea180000 - 0x00007ff8ea1cc000 	C:\WINDOWS\System32\powrprof.dll
0x00007ff8ea130000 - 0x00007ff8ea13a000 	C:\WINDOWS\System32\FLTLIB.DLL
0x000000005b320000 - 0x000000005b33a000 	C:\Program Files\Java\jdk1.8.0_65\jre\bin\net.dll
0x00007ff8e99b0000 - 0x00007ff8e9a16000 	C:\WINDOWS\system32\mswsock.dll
0x00007ff8e9770000 - 0x00007ff8e982e000 	C:\WINDOWS\SYSTEM32\DNSAPI.dll
0x00007ff8eb410000 - 0x00007ff8eb418000 	C:\WINDOWS\System32\NSI.dll
0x00007ff8e9730000 - 0x00007ff8e9768000 	C:\WINDOWS\SYSTEM32\IPHLPAPI.DLL
0x00007ff8ddd60000 - 0x00007ff8ddd6a000 	C:\Windows\System32\rasadhlp.dll
0x00007ff8dde80000 - 0x00007ff8ddef2000 	C:\WINDOWS\System32\fwpuclnt.dll
0x00007ff8e9c90000 - 0x00007ff8e9cb5000 	C:\WINDOWS\SYSTEM32\bcrypt.dll
0x00007ff8c88a0000 - 0x00007ff8c88b6000 	C:\WINDOWS\system32\napinsp.dll
0x00007ff89c600000 - 0x00007ff89c61a000 	C:\WINDOWS\system32\pnrpnsp.dll
0x00007ff8e7460000 - 0x00007ff8e7479000 	C:\WINDOWS\system32\NLAapi.dll
0x00007ff8e0ec0000 - 0x00007ff8e0ece000 	C:\WINDOWS\System32\winrnr.dll
0x00007ff8e5ab0000 - 0x00007ff8e5ac5000 	C:\WINDOWS\System32\wshbth.dll
0x00007ff8e9b70000 - 0x00007ff8e9b87000 	C:\WINDOWS\SYSTEM32\CRYPTSP.dll
0x00007ff8e9590000 - 0x00007ff8e95c3000 	C:\WINDOWS\system32\rsaenh.dll
0x00007ff8ea030000 - 0x00007ff8ea058000 	C:\WINDOWS\SYSTEM32\USERENV.dll
0x00007ff8e9b60000 - 0x00007ff8e9b6b000 	C:\WINDOWS\SYSTEM32\CRYPTBASE.dll
0x00007ff8e2110000 - 0x00007ff8e2126000 	C:\WINDOWS\SYSTEM32\dhcpcsvc6.DLL
0x00007ff8e26b0000 - 0x00007ff8e26ca000 	C:\WINDOWS\SYSTEM32\dhcpcsvc.DLL
0x000000005b300000 - 0x000000005b311000 	C:\Program Files\Java\jdk1.8.0_65\jre\bin\nio.dll
0x000000005afa0000 - 0x000000005afc4000 	C:\Program Files\Java\jdk1.8.0_65\jre\bin\sunec.dll

VM Arguments:
jvm_args: -Dfile.encoding=UTF-8 -Xbootclasspath/p:C:\Users\Bui Quan\Desktop\Subject\PRX301\Assignment\Crawling_XML\lib\javaee-endorsed-api-7.0\javax.annotation-api.jar;C:\Users\Bui Quan\Desktop\Subject\PRX301\Assignment\Crawling_XML\lib\javaee-endorsed-api-7.0\javax.xml.soap-api.jar;C:\Users\Bui Quan\Desktop\Subject\PRX301\Assignment\Crawling_XML\lib\javaee-endorsed-api-7.0\jaxb-api-osgi.jar;C:\Users\Bui Quan\Desktop\Subject\PRX301\Assignment\Crawling_XML\lib\javaee-endorsed-api-7.0\jaxws-api.jar;C:\Users\Bui Quan\Desktop\Subject\PRX301\Assignment\Crawling_XML\lib\javaee-endorsed-api-7.0\jsr181-api.jar 
java_command: demo.wongstore.test
java_class_path (initial): C:\Users\Bui Quan\Desktop\Subject\PRX301\Assignment\Crawling_XML\build\web\WEB-INF\classes;C:\Users\Bui Quan\Desktop\Subject\PRX301\Assignment\Crawling_XML\lib\jaxb\jaxb-impl.jar;C:\Users\Bui Quan\Desktop\Subject\PRX301\Assignment\Crawling_XML\lib\jaxb\jaxb-xjc.jar;C:\Users\Bui Quan\Desktop\Subject\PRX301\Assignment\Crawling_XML\lib\jaxb\jaxb1-impl.jar;C:\Users\Bui Quan\Desktop\Subject\PRX301\Assignment\Crawling_XML\lib\jaxb\activation.jar;C:\Users\Bui Quan\Desktop\Subject\PRX301\Assignment\Crawling_XML\lib\jaxb\jaxb-api.jar;C:\Users\Bui Quan\Desktop\Subject\PRX301\Assignment\Crawling_XML\lib\jaxb\jsr173_1.0_api.jar;C:\Users\Bui Quan\Desktop\Subject\PRX301\Assignment\Crawling_XML\lib\mssql-jdbc-6.4.0.jre8.jar;C:\Program Files\Apache Software Foundation\Apache Tomcat 8.0.27\lib\annotations-api.jar;C:\Program Files\Apache Software Foundation\Apache Tomcat 8.0.27\lib\catalina-ant.jar;C:\Program Files\Apache Software Foundation\Apache Tomcat 8.0.27\lib\catalina-ha.jar;C:\Program Files\Apache Software Foundation\Apache Tomcat 8.0.27\lib\catalina-storeconfig.jar;C:\Program Files\Apache Software Foundation\Apache Tomcat 8.0.27\lib\catalina-tribes.jar;C:\Program Files\Apache Software Foundation\Apache Tomcat 8.0.27\lib\catalina.jar;C:\Program Files\Apache Software Foundation\Apache Tomcat 8.0.27\lib\ecj-4.4.2.jar;C:\Program Files\Apache Software Foundation\Apache Tomcat 8.0.27\lib\el-api.jar;C:\Program Files\Apache Software Foundation\Apache Tomcat 8.0.27\lib\jasper-el.jar;C:\Program Files\Apache Software Foundation\Apache Tomcat 8.0.27\lib\jasper.jar;C:\Program Files\Apache Software Foundation\Apache Tomcat 8.0.27\lib\jsp-api.jar;C:\Program Files\Apache Software Foundation\Apache Tomcat 8.0.27\lib\servlet-api.jar;C:\Program Files\Apache Software Foundation\Apache Tomcat 8.0.27\lib\sqljdbc4.jar;C:\Program Files\Apache Software Foundation\Apache Tomcat 8.0.27\lib\tomcat-api.jar;C:\Program Files\Apache Software Foundation\Apache Tomcat 8.0.27\lib\
Launcher Type: SUN_STANDARD

Environment Variables:
JAVA_HOME=C:\Program Files\Java\jdk1.8.0_65
CLASSPATH=.;C:\Program Files\Java\jdk1.8.0_65\jre\lib;C:\Program Files\Java\jdk1.8.0_65\lib
PATH=C:\Program Files\Java\jdk1.8.0_65\bin;c:\Program Files (x86)\Microsoft SQL Server\100\Tools\Binn\;c:\Program Files\Microsoft SQL Server\100\Tools\Binn\;c:\Program Files\Microsoft SQL Server\100\DTS\Binn\;c:\Program Files (x86)\Microsoft SQL Server\100\Tools\Binn\VSShell\Common7\IDE\;c:\Program Files (x86)\Microsoft SQL Server\100\DTS\Binn\;c:\Program Files\Microsoft SQL Server\Client SDK\ODBC\110\Tools\Binn\;c:\Program Files\Microsoft SQL Server\120\DTS\Binn\;c:\Program Files (x86)\Microsoft SQL Server\120\Tools\Binn\ManagementStudio\;c:\Program Files (x86)\Microsoft SQL Server\120\Tools\Binn\;c:\Program Files\Microsoft SQL Server\120\Tools\Binn\;c:\Program Files (x86)\Microsoft SQL Server\120\DTS\Binn\; C:\Windows\Microsoft.NET\Framework\v3.5; C:\Program Files (x86)\Microsoft Visual Studio 14.0\SDK\v3.5\Bin;C:\Program Files\Microsoft SQL Server\130\Tools\Binn\;C:\Program Files\dotnet\;C:\Program Files (x86)\NVIDIA Corporation\PhysX\Common;C:\WINDOWS\system32;C:\WINDOWS;C:\WINDOWS\System32\Wbem;C:\WINDOWS\System32\WindowsPowerShell\v1.0\;C:\Program Files\Intel\WiFi\bin\;C:\Program Files\Common Files\Intel\WirelessCommon\;C:\Program Files (x86)\Skype\Phone\;C:\Program Files\nodejs\;C:\Program Files\Git\cmd;C:\Program Files\TortoiseGit\bin;C:\xampp\php;C:\ProgramData\ComposerSetup\bin;C:\WINDOWS\System32\OpenSSH\;C:\Program Files (x86)\QuickTime\QTSystem\;C:\windows\system32;C:\windows\;C:\Users\Bui Quan\AppData\Local\Microsoft\WindowsApps;C:\Users\Bui Quan\AppData\Roaming\npm;C:\Program Files\Microsoft VS Code\bin;C:\Users\Bui Quan\AppData\Roaming\Composer\vendor\bin;C:\Users\Bui Quan\AppData\Local\GitHubDesktop\bin;%USERPROFILE%\AppData\Local\Microsoft\WindowsApps;
USERNAME=Bui Quan
OS=Windows_NT
PROCESSOR_IDENTIFIER=Intel64 Family 6 Model 60 Stepping 3, GenuineIntel



---------------  S Y S T E M  ---------------

OS: Windows 10.0 , 64 bit Build 17134 (10.0.17134.1)

CPU:total 4 (2 cores per cpu, 2 threads per core) family 6 model 60 stepping 3, cmov, cx8, fxsr, mmx, sse, sse2, sse3, ssse3, sse4.1, sse4.2, popcnt, avx, avx2, aes, clmul, erms, lzcnt, ht, tsc, tscinvbit, bmi1, bmi2

Memory: 4k page, physical 8275008k(1354416k free), swap 10226752k(5988k free)

vm_info: Java HotSpot(TM) 64-Bit Server VM (25.65-b01) for windows-amd64 JRE (1.8.0_65-b17), built on Oct  6 2015 16:39:20 by "java_re" with MS VC++ 10.0 (VS2010)

time: Fri Jul 06 18:05:05 2018
elapsed time: 8 seconds (0d 0h 0m 8s)

