#
# There is insufficient memory for the Java Runtime Environment to continue.
# Native memory allocation (malloc) failed to allocate 104336 bytes for Chunk::new
# Possible reasons:
#   The system is out of physical RAM or swap space
#   In 32 bit mode, the process size limit was hit
# Possible solutions:
#   Reduce memory load on the system
#   Increase physical memory or swap space
#   Check if swap backing store is full
#   Use 64 bit Java on a 64 bit OS
#   Decrease Java heap size (-Xmx/-Xms)
#   Decrease number of Java threads
#   Decrease Java thread stack sizes (-Xss)
#   Set larger code cache with -XX:ReservedCodeCacheSize=
# This output file may be truncated or incomplete.
#
#  Out of Memory Error (allocation.cpp:390), pid=17824, tid=18764
#
# JRE version: Java(TM) SE Runtime Environment (8.0_65-b17) (build 1.8.0_65-b17)
# Java VM: Java HotSpot(TM) 64-Bit Server VM (25.65-b01 mixed mode windows-amd64 compressed oops)
# Failed to write core dump. Minidumps are not enabled by default on client versions of Windows
#

---------------  T H R E A D  ---------------

Current thread (0x00000000177d0000):  JavaThread "C2 CompilerThread0" daemon [_thread_in_native, id=18764, stack(0x0000000018e30000,0x0000000018f30000)]

Stack: [0x0000000018e30000,0x0000000018f30000]
[error occurred during error reporting (printing stack bounds), id 0xc0000005]

Native frames: (J=compiled Java code, j=interpreted, Vv=VM code, C=native code)


Current CompileTask:
C2:   5344  172   !   4       java.io.BufferedReader::readLine (304 bytes)


---------------  P R O C E S S  ---------------

Java Threads: ( => current thread )
  0x000000001932b800 JavaThread "Keep-Alive-Timer" daemon [_thread_blocked, id=20388, stack(0x0000000019730000,0x0000000019830000)]
  0x0000000019160800 JavaThread "Service Thread" daemon [_thread_blocked, id=17236, stack(0x0000000019530000,0x0000000019630000)]
  0x00000000177e2800 JavaThread "C1 CompilerThread2" daemon [_thread_blocked, id=12624, stack(0x0000000019030000,0x0000000019130000)]
  0x00000000177d5800 JavaThread "C2 CompilerThread1" daemon [_thread_blocked, id=16608, stack(0x0000000018f30000,0x0000000019030000)]
=>0x00000000177d0000 JavaThread "C2 CompilerThread0" daemon [_thread_in_native, id=18764, stack(0x0000000018e30000,0x0000000018f30000)]
  0x00000000177e1000 JavaThread "Attach Listener" daemon [_thread_blocked, id=10364, stack(0x0000000018d30000,0x0000000018e30000)]
  0x00000000177e0000 JavaThread "Signal Dispatcher" daemon [_thread_blocked, id=6564, stack(0x0000000018c30000,0x0000000018d30000)]
  0x0000000002c8c000 JavaThread "Finalizer" daemon [_thread_blocked, id=2232, stack(0x0000000018a40000,0x0000000018b40000)]
  0x0000000002c83000 JavaThread "Reference Handler" daemon [_thread_blocked, id=19940, stack(0x0000000018940000,0x0000000018a40000)]
  0x0000000002b93800 JavaThread "main" [_thread_in_native, id=1576, stack(0x0000000002a10000,0x0000000002b10000)]

Other Threads:
  0x0000000017799000 VMThread [stack: 0x0000000018840000,0x0000000018940000] [id=1544]
  0x000000001782e000 WatcherThread [stack: 0x0000000019630000,0x0000000019730000] [id=7544]

VM state:not at safepoint (normal execution)

VM Mutex/Monitor currently owned by a thread: None

Heap:
 PSYoungGen      total 453632K, used 109653K [0x00000000d5e00000, 0x00000000f5d00000, 0x0000000100000000)
  eden space 453120K, 24% used [0x00000000d5e00000,0x00000000dc8d4c00,0x00000000f1880000)
  from space 512K, 50% used [0x00000000f5c80000,0x00000000f5cc09c0,0x00000000f5d00000)
  to   space 1024K, 0% used [0x00000000f5b00000,0x00000000f5b00000,0x00000000f5c00000)
 ParOldGen       total 87552K, used 1593K [0x0000000081a00000, 0x0000000086f80000, 0x00000000d5e00000)
  object space 87552K, 1% used [0x0000000081a00000,0x0000000081b8e538,0x0000000086f80000)
 Metaspace       used 4538K, capacity 4698K, committed 4992K, reserved 1056768K
  class space    used 504K, capacity 522K, committed 640K, reserved 1048576K

Card table byte_map: [0x0000000012050000,0x0000000012450000] byte_map_base: 0x0000000011c43000

Marking Bits: (ParMarkBitMap*) 0x00000000515ea5b0
 Begin Bits: [0x0000000012b00000, 0x0000000014a98000)
 End Bits:   [0x0000000014a98000, 0x0000000016a30000)

Polling page: 0x0000000001250000

CodeCache: size=245760Kb used=1609Kb max_used=1609Kb free=244150Kb
 bounds [0x0000000002c90000, 0x0000000002f00000, 0x0000000011c90000]
 total_blobs=452 nmethods=172 adapters=193
 compilation: enabled

Compilation events (10 events):
Event: 3.316 Thread 0x00000000177e2800 nmethod 168 0x0000000002e0e110 code [0x0000000002e0eb80, 0x0000000002e16438]
Event: 4.440 Thread 0x00000000177d0000  169 %     4       demo.crawl.Crawler::fixString @ 490 (610 bytes)
Event: 4.487 Thread 0x00000000177d0000 nmethod 169% 0x0000000002dfc990 code [0x0000000002dfcb60, 0x0000000002dfd9b8]
Event: 5.257 Thread 0x00000000177d5800  170       4       java.lang.Math::max (11 bytes)
Event: 5.257 Thread 0x00000000177d5800 nmethod 170 0x0000000002ddaed0 code [0x0000000002ddb000, 0x0000000002ddb058]
Event: 5.291 Thread 0x00000000177e2800  171 %     3       sun.nio.cs.UTF_8$Decoder::decodeArrayLoop @ 73 (691 bytes)
Event: 5.292 Thread 0x00000000177d0000  172   !   4       java.io.BufferedReader::readLine (304 bytes)
Event: 5.297 Thread 0x00000000177e2800 nmethod 171% 0x0000000002e1be10 code [0x0000000002e1c7c0, 0x0000000002e23208]
Event: 5.298 Thread 0x00000000177e2800  173       1       java.lang.Class::getClassLoader0 (5 bytes)
Event: 5.298 Thread 0x00000000177e2800 nmethod 173 0x0000000002df9910 code [0x0000000002df9a60, 0x0000000002df9b70]

GC Heap History (10 events):
Event: 4.925 GC heap before
{Heap before GC invocations=40 (full 0):
 PSYoungGen      total 418816K, used 418028K [0x00000000d5e00000, 0x00000000f5e00000, 0x0000000100000000)
  eden space 417792K, 100% used [0x00000000d5e00000,0x00000000ef600000,0x00000000ef600000)
  from space 1024K, 23% used [0x00000000ef600000,0x00000000ef63b200,0x00000000ef700000)
  to   space 1024K, 0% used [0x00000000f5d00000,0x00000000f5d00000,0x00000000f5e00000)
 ParOldGen       total 87552K, used 1593K [0x0000000081a00000, 0x0000000086f80000, 0x00000000d5e00000)
  object space 87552K, 1% used [0x0000000081a00000,0x0000000081b8e538,0x0000000086f80000)
 Metaspace       used 4499K, capacity 4698K, committed 4992K, reserved 1056768K
  class space    used 499K, capacity 522K, committed 640K, reserved 1048576K
Event: 4.926 GC heap after
Heap after GC invocations=40 (full 0):
 PSYoungGen      total 523264K, used 344K [0x00000000d5e00000, 0x00000000f5e00000, 0x0000000100000000)
  eden space 522240K, 0% used [0x00000000d5e00000,0x00000000d5e00000,0x00000000f5c00000)
  from space 1024K, 33% used [0x00000000f5d00000,0x00000000f5d56288,0x00000000f5e00000)
  to   space 1024K, 0% used [0x00000000f5c00000,0x00000000f5c00000,0x00000000f5d00000)
 ParOldGen       total 87552K, used 1593K [0x0000000081a00000, 0x0000000086f80000, 0x00000000d5e00000)
  object space 87552K, 1% used [0x0000000081a00000,0x0000000081b8e538,0x0000000086f80000)
 Metaspace       used 4499K, capacity 4698K, committed 4992K, reserved 1056768K
  class space    used 499K, capacity 522K, committed 640K, reserved 1048576K
}
Event: 5.033 GC heap before
{Heap before GC invocations=41 (full 0):
 PSYoungGen      total 523264K, used 522584K [0x00000000d5e00000, 0x00000000f5e00000, 0x0000000100000000)
  eden space 522240K, 100% used [0x00000000d5e00000,0x00000000f5c00000,0x00000000f5c00000)
  from space 1024K, 33% used [0x00000000f5d00000,0x00000000f5d56288,0x00000000f5e00000)
  to   space 1024K, 0% used [0x00000000f5c00000,0x00000000f5c00000,0x00000000f5d00000)
 ParOldGen       total 87552K, used 1593K [0x0000000081a00000, 0x0000000086f80000, 0x00000000d5e00000)
  object space 87552K, 1% used [0x0000000081a00000,0x0000000081b8e538,0x0000000086f80000)
 Metaspace       used 4499K, capacity 4698K, committed 4992K, reserved 1056768K
  class space    used 499K, capacity 522K, committed 640K, reserved 1048576K
Event: 5.033 GC heap after
Heap after GC invocations=41 (full 0):
 PSYoungGen      total 523264K, used 106K [0x00000000d5e00000, 0x00000000f5e00000, 0x0000000100000000)
  eden space 522240K, 0% used [0x00000000d5e00000,0x00000000d5e00000,0x00000000f5c00000)
  from space 1024K, 10% used [0x00000000f5c00000,0x00000000f5c1aa70,0x00000000f5d00000)
  to   space 1024K, 0% used [0x00000000f5d00000,0x00000000f5d00000,0x00000000f5e00000)
 ParOldGen       total 87552K, used 1593K [0x0000000081a00000, 0x0000000086f80000, 0x00000000d5e00000)
  object space 87552K, 1% used [0x0000000081a00000,0x0000000081b8e538,0x0000000086f80000)
 Metaspace       used 4499K, capacity 4698K, committed 4992K, reserved 1056768K
  class space    used 499K, capacity 522K, committed 640K, reserved 1048576K
}
Event: 5.099 GC heap before
{Heap before GC invocations=42 (full 0):
 PSYoungGen      total 523264K, used 522346K [0x00000000d5e00000, 0x00000000f5e00000, 0x0000000100000000)
  eden space 522240K, 100% used [0x00000000d5e00000,0x00000000f5c00000,0x00000000f5c00000)
  from space 1024K, 10% used [0x00000000f5c00000,0x00000000f5c1aa70,0x00000000f5d00000)
  to   space 1024K, 0% used [0x00000000f5d00000,0x00000000f5d00000,0x00000000f5e00000)
 ParOldGen       total 87552K, used 1593K [0x0000000081a00000, 0x0000000086f80000, 0x00000000d5e00000)
  object space 87552K, 1% used [0x0000000081a00000,0x0000000081b8e538,0x0000000086f80000)
 Metaspace       used 4499K, capacity 4698K, committed 4992K, reserved 1056768K
  class space    used 499K, capacity 522K, committed 640K, reserved 1048576K
Event: 5.099 GC heap after
Heap after GC invocations=42 (full 0):
 PSYoungGen      total 498688K, used 140K [0x00000000d5e00000, 0x00000000f5d80000, 0x0000000100000000)
  eden space 498176K, 0% used [0x00000000d5e00000,0x00000000d5e00000,0x00000000f4480000)
  from space 512K, 27% used [0x00000000f5d00000,0x00000000f5d233e0,0x00000000f5d80000)
  to   space 1024K, 0% used [0x00000000f5b80000,0x00000000f5b80000,0x00000000f5c80000)
 ParOldGen       total 87552K, used 1593K [0x0000000081a00000, 0x0000000086f80000, 0x00000000d5e00000)
  object space 87552K, 1% used [0x0000000081a00000,0x0000000081b8e538,0x0000000086f80000)
 Metaspace       used 4499K, capacity 4698K, committed 4992K, reserved 1056768K
  class space    used 499K, capacity 522K, committed 640K, reserved 1048576K
}
Event: 5.168 GC heap before
{Heap before GC invocations=43 (full 0):
 PSYoungGen      total 498688K, used 498316K [0x00000000d5e00000, 0x00000000f5d80000, 0x0000000100000000)
  eden space 498176K, 100% used [0x00000000d5e00000,0x00000000f4480000,0x00000000f4480000)
  from space 512K, 27% used [0x00000000f5d00000,0x00000000f5d233e0,0x00000000f5d80000)
  to   space 1024K, 0% used [0x00000000f5b80000,0x00000000f5b80000,0x00000000f5c80000)
 ParOldGen       total 87552K, used 1593K [0x0000000081a00000, 0x0000000086f80000, 0x00000000d5e00000)
  object space 87552K, 1% used [0x0000000081a00000,0x0000000081b8e538,0x0000000086f80000)
 Metaspace       used 4499K, capacity 4698K, committed 4992K, reserved 1056768K
  class space    used 499K, capacity 522K, committed 640K, reserved 1048576K
Event: 5.168 GC heap after
Heap after GC invocations=43 (full 0):
 PSYoungGen      total 476160K, used 143K [0x00000000d5e00000, 0x00000000f5d80000, 0x0000000100000000)
  eden space 475136K, 0% used [0x00000000d5e00000,0x00000000d5e00000,0x00000000f2e00000)
  from space 1024K, 13% used [0x00000000f5b80000,0x00000000f5ba3cb0,0x00000000f5c80000)
  to   space 1024K, 0% used [0x00000000f5c80000,0x00000000f5c80000,0x00000000f5d80000)
 ParOldGen       total 87552K, used 1593K [0x0000000081a00000, 0x0000000086f80000, 0x00000000d5e00000)
  object space 87552K, 1% used [0x0000000081a00000,0x0000000081b8e538,0x0000000086f80000)
 Metaspace       used 4499K, capacity 4698K, committed 4992K, reserved 1056768K
  class space    used 499K, capacity 522K, committed 640K, reserved 1048576K
}
Event: 5.239 GC heap before
{Heap before GC invocations=44 (full 0):
 PSYoungGen      total 476160K, used 475279K [0x00000000d5e00000, 0x00000000f5d80000, 0x0000000100000000)
  eden space 475136K, 100% used [0x00000000d5e00000,0x00000000f2e00000,0x00000000f2e00000)
  from space 1024K, 13% used [0x00000000f5b80000,0x00000000f5ba3cb0,0x00000000f5c80000)
  to   space 1024K, 0% used [0x00000000f5c80000,0x00000000f5c80000,0x00000000f5d80000)
 ParOldGen       total 87552K, used 1593K [0x0000000081a00000, 0x0000000086f80000, 0x00000000d5e00000)
  object space 87552K, 1% used [0x0000000081a00000,0x0000000081b8e538,0x0000000086f80000)
 Metaspace       used 4499K, capacity 4698K, committed 4992K, reserved 1056768K
  class space    used 499K, capacity 522K, committed 640K, reserved 1048576K
Event: 5.240 GC heap after
Heap after GC invocations=44 (full 0):
 PSYoungGen      total 453632K, used 258K [0x00000000d5e00000, 0x00000000f5d00000, 0x0000000100000000)
  eden space 453120K, 0% used [0x00000000d5e00000,0x00000000d5e00000,0x00000000f1880000)
  from space 512K, 50% used [0x00000000f5c80000,0x00000000f5cc09c0,0x00000000f5d00000)
  to   space 1024K, 0% used [0x00000000f5b00000,0x00000000f5b00000,0x00000000f5c00000)
 ParOldGen       total 87552K, used 1593K [0x0000000081a00000, 0x0000000086f80000, 0x00000000d5e00000)
  object space 87552K, 1% used [0x0000000081a00000,0x0000000081b8e538,0x0000000086f80000)
 Metaspace       used 4499K, capacity 4698K, committed 4992K, reserved 1056768K
  class space    used 499K, capacity 522K, committed 640K, reserved 1048576K
}

Deoptimization events (2 events):
Event: 3.244 Thread 0x0000000002b93800 Uncommon trap: reason=unstable_if action=reinterpret pc=0x0000000002dde528 method=java.lang.String.indexOf([CII[CIII)I @ 3
Event: 5.256 Thread 0x0000000002b93800 Uncommon trap: reason=unstable_if action=reinterpret pc=0x0000000002dfd6fc method=demo.crawl.Crawler.fixString(Ljava/lang/String;)Ljava/lang/String; @ 496

Internal exceptions (6 events):
Event: 0.052 Thread 0x0000000002b93800 Exception <a 'java/lang/NoSuchMethodError': Method sun.misc.Unsafe.defineClass(Ljava/lang/String;[BII)Ljava/lang/Class; name or signature does not match> (0x00000000d5e0f5e0) thrown at [C:\workspace\8-2-build-windows-amd64-cygwin\jdk8u65\4987\hotspot\src\s)Vm<ß±ª?
Event: 0.052 Thread 0x0000000002b93800 Exception <a 'java/lang/NoSuchMethodError': Method sun.misc.Unsafe.prefetchRead(Ljava/lang/Object;J)V name or signature does not match> (0x00000000d5e0f8c8) thrown at [C:\workspace\8-2-build-windows-amd64-cygwin\jdk8u65\4987\hotspot\src\share\vm\prims\jni.ÓÔö…‘	@
Event: 3.139 Thread 0x0000000002b93800 Exception <a 'java/security/PrivilegedActionException'> (0x00000000d60d12b8) thrown at [C:\workspace\8-2-build-windows-amd64-cygwin\jdk8u65\4987\hotspot\src\share\vm\prims\jvm.cpp, line 1386]
Event: 3.139 Thread 0x0000000002b93800 Exception <a 'java/security/PrivilegedActionException'> (0x00000000d60d16b0) thrown at [C:\workspace\8-2-build-windows-amd64-cygwin\jdk8u65\4987\hotspot\src\share\vm\prims\jvm.cpp, line 1386]
Event: 3.140 Thread 0x0000000002b93800 Exception <a 'java/security/PrivilegedActionException'> (0x00000000d60d5918) thrown at [C:\workspace\8-2-build-windows-amd64-cygwin\jdk8u65\4987\hotspot\src\share\vm\prims\jvm.cpp, line 1386]
Event: 3.140 Thread 0x0000000002b93800 Exception <a 'java/security/PrivilegedActionException'> (0x00000000d60d5d10) thrown at [C:\workspace\8-2-build-windows-amd64-cygwin\jdk8u65\4987\hotspot\src\share\vm\prims\jvm.cpp, line 1386]

Events (10 events):
Event: 5.293 loading class javax/xml/transform/FactoryFinder
Event: 5.293 loading class javax/xml/transform/FactoryFinder done
Event: 5.293 loading class javax/xml/transform/SecuritySupport
Event: 5.293 loading class javax/xml/transform/SecuritySupport done
Event: 5.293 loading class javax/xml/transform/SecuritySupport$2
Event: 5.293 loading class javax/xml/transform/SecuritySupport$2 done
Event: 5.293 loading class javax/xml/transform/SecuritySupport$5
Event: 5.293 loading class javax/xml/transform/SecuritySupport$5 done
Event: 5.293 loading class javax/xml/transform/FactoryFinder$1
Event: 5.294 loading class javax/xml/transform/FactoryFinder$1 done


Dynamic libraries:
0x00007ff647060000 - 0x00007ff647097000 	C:\Program Files\Java\jdk1.8.0_65\bin\java.exe
0x00007ffb0b8e0000 - 0x00007ffb0bac1000 	C:\WINDOWS\SYSTEM32\ntdll.dll
0x00007ffb09160000 - 0x00007ffb09212000 	C:\WINDOWS\System32\KERNEL32.DLL
0x00007ffb08af0000 - 0x00007ffb08d63000 	C:\WINDOWS\System32\KERNELBASE.dll
0x00007ffb08eb0000 - 0x00007ffb08f51000 	C:\WINDOWS\System32\ADVAPI32.dll
0x00007ffb08fd0000 - 0x00007ffb0906e000 	C:\WINDOWS\System32\msvcrt.dll
0x00007ffb09fc0000 - 0x00007ffb0a01b000 	C:\WINDOWS\System32\sechost.dll
0x00007ffb08d70000 - 0x00007ffb08e94000 	C:\WINDOWS\System32\RPCRT4.dll
0x00007ffb0b650000 - 0x00007ffb0b7e0000 	C:\WINDOWS\System32\USER32.dll
0x00007ffb08ad0000 - 0x00007ffb08af0000 	C:\WINDOWS\System32\win32u.dll
0x00007ffb09ee0000 - 0x00007ffb09f08000 	C:\WINDOWS\System32\GDI32.dll
0x00007ffb08050000 - 0x00007ffb081e2000 	C:\WINDOWS\System32\gdi32full.dll
0x00007ffb089e0000 - 0x00007ffb08a7f000 	C:\WINDOWS\System32\msvcp_win.dll
0x00007ffb07cb0000 - 0x00007ffb07daa000 	C:\WINDOWS\System32\ucrtbase.dll
0x00007ffaffa10000 - 0x00007ffaffc79000 	C:\WINDOWS\WinSxS\amd64_microsoft.windows.common-controls_6595b64144ccf1df_6.0.17134.112_none_fb3f961b30681c12\COMCTL32.dll
0x00007ffb093c0000 - 0x00007ffb096e3000 	C:\WINDOWS\System32\combase.dll
0x00007ffb08900000 - 0x00007ffb0897a000 	C:\WINDOWS\System32\bcryptPrimitives.dll
0x00007ffb0a0f0000 - 0x00007ffb0a11d000 	C:\WINDOWS\System32\IMM32.DLL
0x00000000508f0000 - 0x00000000509c2000 	C:\Program Files\Java\jdk1.8.0_65\jre\bin\msvcr100.dll
0x0000000050de0000 - 0x0000000051669000 	C:\Program Files\Java\jdk1.8.0_65\jre\bin\server\jvm.dll
0x00007ffb0a020000 - 0x00007ffb0a028000 	C:\WINDOWS\System32\PSAPI.DLL
0x00007ffaf4c40000 - 0x00007ffaf4c49000 	C:\WINDOWS\SYSTEM32\WSOCK32.dll
0x00007ffb04550000 - 0x00007ffb0455a000 	C:\WINDOWS\SYSTEM32\VERSION.dll
0x00007ffb0a120000 - 0x00007ffb0a18c000 	C:\WINDOWS\System32\WS2_32.dll
0x00007ffb04760000 - 0x00007ffb04783000 	C:\WINDOWS\SYSTEM32\WINMM.dll
0x00007ffb04730000 - 0x00007ffb0475a000 	C:\WINDOWS\SYSTEM32\winmmbase.dll
0x00007ffb08a80000 - 0x00007ffb08ac9000 	C:\WINDOWS\System32\cfgmgr32.dll
0x0000000050dd0000 - 0x0000000050ddf000 	C:\Program Files\Java\jdk1.8.0_65\jre\bin\verify.dll
0x00000000508c0000 - 0x00000000508e9000 	C:\Program Files\Java\jdk1.8.0_65\jre\bin\java.dll
0x0000000050db0000 - 0x0000000050dc6000 	C:\Program Files\Java\jdk1.8.0_65\jre\bin\zip.dll
0x00007ffb0a190000 - 0x00007ffb0b5d0000 	C:\WINDOWS\System32\SHELL32.dll
0x00007ffb09f10000 - 0x00007ffb09fb9000 	C:\WINDOWS\System32\shcore.dll
0x00007ffb081f0000 - 0x00007ffb088fd000 	C:\WINDOWS\System32\windows.storage.dll
0x00007ffb0a090000 - 0x00007ffb0a0e1000 	C:\WINDOWS\System32\shlwapi.dll
0x00007ffb07c70000 - 0x00007ffb07c81000 	C:\WINDOWS\System32\kernel.appcore.dll
0x00007ffb07c50000 - 0x00007ffb07c6f000 	C:\WINDOWS\System32\profapi.dll
0x00007ffb07c00000 - 0x00007ffb07c4c000 	C:\WINDOWS\System32\powrprof.dll
0x00007ffb07bf0000 - 0x00007ffb07bfa000 	C:\WINDOWS\System32\FLTLIB.DLL
0x0000000050d20000 - 0x0000000050d3a000 	C:\Program Files\Java\jdk1.8.0_65\jre\bin\net.dll
0x00007ffb07470000 - 0x00007ffb074d6000 	C:\WINDOWS\system32\mswsock.dll
0x00007ffb07230000 - 0x00007ffb072ee000 	C:\WINDOWS\SYSTEM32\DNSAPI.dll
0x00007ffb08f60000 - 0x00007ffb08f68000 	C:\WINDOWS\System32\NSI.dll
0x00007ffb071f0000 - 0x00007ffb07228000 	C:\WINDOWS\SYSTEM32\IPHLPAPI.DLL
0x00007ffafc7b0000 - 0x00007ffafc7ba000 	C:\Windows\System32\rasadhlp.dll
0x00007ffaf5fa0000 - 0x00007ffaf6012000 	C:\WINDOWS\System32\fwpuclnt.dll
0x00007ffb07750000 - 0x00007ffb07775000 	C:\WINDOWS\SYSTEM32\bcrypt.dll

VM Arguments:
jvm_args: -Dfile.encoding=UTF-8 -Xbootclasspath/p:C:\Users\Bui Quan\Desktop\Subject\PRX301\Crawling_XML\lib\javaee-endorsed-api-7.0\javax.annotation-api.jar;C:\Users\Bui Quan\Desktop\Subject\PRX301\Crawling_XML\lib\javaee-endorsed-api-7.0\javax.xml.soap-api.jar;C:\Users\Bui Quan\Desktop\Subject\PRX301\Crawling_XML\lib\javaee-endorsed-api-7.0\jaxb-api-osgi.jar;C:\Users\Bui Quan\Desktop\Subject\PRX301\Crawling_XML\lib\javaee-endorsed-api-7.0\jaxws-api.jar;C:\Users\Bui Quan\Desktop\Subject\PRX301\Crawling_XML\lib\javaee-endorsed-api-7.0\jsr181-api.jar 
java_command: demo.wongstore.test
java_class_path (initial): C:\Users\Bui Quan\Desktop\Subject\PRX301\Crawling_XML\build\web\WEB-INF\classes;C:\Users\Bui Quan\Desktop\Subject\PRX301\Crawling_XML\lib\jaxb\jaxb-impl.jar;C:\Users\Bui Quan\Desktop\Subject\PRX301\Crawling_XML\lib\jaxb\jaxb-xjc.jar;C:\Users\Bui Quan\Desktop\Subject\PRX301\Crawling_XML\lib\jaxb\jaxb1-impl.jar;C:\Users\Bui Quan\Desktop\Subject\PRX301\Crawling_XML\lib\jaxb\activation.jar;C:\Users\Bui Quan\Desktop\Subject\PRX301\Crawling_XML\lib\jaxb\jaxb-api.jar;C:\Users\Bui Quan\Desktop\Subject\PRX301\Crawling_XML\lib\jaxb\jsr173_1.0_api.jar;C:\Users\Bui Quan\Desktop\Subject\PRX301\Crawling_XML\lib\mssql-jdbc-6.4.0.jre8.jar;C:\Program Files\Apache Software Foundation\Apache Tomcat 8.0.27\lib\annotations-api.jar;C:\Program Files\Apache Software Foundation\Apache Tomcat 8.0.27\lib\catalina-ant.jar;C:\Program Files\Apache Software Foundation\Apache Tomcat 8.0.27\lib\catalina-ha.jar;C:\Program Files\Apache Software Foundation\Apache Tomcat 8.0.27\lib\catalina-storeconfig.jar;C:\Program Files\Apache Software Foundation\Apache Tomcat 8.0.27\lib\catalina-tribes.jar;C:\Program Files\Apache Software Foundation\Apache Tomcat 8.0.27\lib\catalina.jar;C:\Program Files\Apache Software Foundation\Apache Tomcat 8.0.27\lib\ecj-4.4.2.jar;C:\Program Files\Apache Software Foundation\Apache Tomcat 8.0.27\lib\el-api.jar;C:\Program Files\Apache Software Foundation\Apache Tomcat 8.0.27\lib\jasper-el.jar;C:\Program Files\Apache Software Foundation\Apache Tomcat 8.0.27\lib\jasper.jar;C:\Program Files\Apache Software Foundation\Apache Tomcat 8.0.27\lib\jsp-api.jar;C:\Program Files\Apache Software Foundation\Apache Tomcat 8.0.27\lib\servlet-api.jar;C:\Program Files\Apache Software Foundation\Apache Tomcat 8.0.27\lib\sqljdbc4.jar;C:\Program Files\Apache Software Foundation\Apache Tomcat 8.0.27\lib\tomcat-api.jar;C:\Program Files\Apache Software Foundation\Apache Tomcat 8.0.27\lib\tomcat-coyote.jar;C:\Program Files\Apache Software Foundation\Apache Tomcat 8.0.27\lib\t
Launcher Type: SUN_STANDARD

Environment Variables:
JAVA_HOME=C:\Program Files\Java\jdk1.8.0_65
CLASSPATH=.;C:\Program Files\Java\jdk1.8.0_65\jre\lib;C:\Program Files\Java\jdk1.8.0_65\lib
PATH=C:\Program Files\Java\jdk1.8.0_65\bin;c:\Program Files (x86)\Microsoft SQL Server\100\Tools\Binn\;c:\Program Files\Microsoft SQL Server\100\Tools\Binn\;c:\Program Files\Microsoft SQL Server\100\DTS\Binn\;c:\Program Files (x86)\Microsoft SQL Server\100\Tools\Binn\VSShell\Common7\IDE\;c:\Program Files (x86)\Microsoft SQL Server\100\DTS\Binn\;c:\Program Files\Microsoft SQL Server\Client SDK\ODBC\110\Tools\Binn\;c:\Program Files\Microsoft SQL Server\120\DTS\Binn\;c:\Program Files (x86)\Microsoft SQL Server\120\Tools\Binn\ManagementStudio\;c:\Program Files (x86)\Microsoft SQL Server\120\Tools\Binn\;c:\Program Files\Microsoft SQL Server\120\Tools\Binn\;c:\Program Files (x86)\Microsoft SQL Server\120\DTS\Binn\; C:\Windows\Microsoft.NET\Framework\v3.5; C:\Program Files (x86)\Microsoft Visual Studio 14.0\SDK\v3.5\Bin;C:\Program Files\Microsoft SQL Server\130\Tools\Binn\;C:\Program Files\dotnet\;C:\Program Files (x86)\NVIDIA Corporation\PhysX\Common;C:\WINDOWS\system32;C:\WINDOWS;C:\WINDOWS\System32\Wbem;C:\WINDOWS\System32\WindowsPowerShell\v1.0\;C:\Program Files\Intel\WiFi\bin\;C:\Program Files\Common Files\Intel\WirelessCommon\;C:\Program Files (x86)\Skype\Phone\;C:\Program Files\nodejs\;C:\Program Files\Git\cmd;C:\Program Files\TortoiseGit\bin;C:\xampp\php;C:\ProgramData\ComposerSetup\bin;C:\WINDOWS\System32\OpenSSH\;C:\Program Files (x86)\QuickTime\QTSystem\;C:\windows\system32;C:\windows\;C:\Users\Bui Quan\AppData\Local\Microsoft\WindowsApps;C:\Users\Bui Quan\AppData\Roaming\npm;C:\Program Files\Microsoft VS Code\bin;C:\Users\Bui Quan\AppData\Roaming\Composer\vendor\bin;C:\Users\Bui Quan\AppData\Local\GitHubDesktop\bin;%USERPROFILE%\AppData\Local\Microsoft\WindowsApps;
USERNAME=Bui Quan
OS=Windows_NT
PROCESSOR_IDENTIFIER=Intel64 Family 6 Model 60 Stepping 3, GenuineIntel



---------------  S Y S T E M  ---------------

OS: Windows 10.0 , 64 bit Build 17134 (10.0.17134.1)

CPU:total 4 (2 cores per cpu, 2 threads per core) family 6 model 60 stepping 3, cmov, cx8, fxsr, mmx, sse, sse2, sse3, ssse3, sse4.1, sse4.2, popcnt, avx, avx2, aes, clmul, erms, lzcnt, ht, tsc, tscinvbit, bmi1, bmi2

Memory: 4k page, physical 8275008k(1314756k free), swap 10226752k(3256k free)

vm_info: Java HotSpot(TM) 64-Bit Server VM (25.65-b01) for windows-amd64 JRE (1.8.0_65-b17), built on Oct  6 2015 16:39:20 by "java_re" with MS VC++ 10.0 (VS2010)

time: Mon Jul 02 14:53:13 2018
elapsed time: 5 seconds (0d 0h 0m 5s)

